{"C:\\Users\\Toheeb.Ojuolape\\Documents\\Javascript\\JestTest\\js\\cloneArray.js": {"path":"C:\\Users\\Toheeb.Ojuolape\\Documents\\Javascript\\JestTest\\js\\cloneArray.js","statementMap":{"0":{"start":{"line":2,"column":4},"end":{"line":2,"column":21}},"1":{"start":{"line":6,"column":0},"end":{"line":6,"column":27}}},"fnMap":{"0":{"name":"cloneArray","decl":{"start":{"line":1,"column":9},"end":{"line":1,"column":19}},"loc":{"start":{"line":1,"column":26},"end":{"line":3,"column":1}},"line":1}},"branchMap":{},"s":{"0":1,"1":1},"f":{"0":1},"b":{},"_coverageSchema":"1a1c01bbd47fc00a2c39e90264f33305004495a9","hash":"7a6be9d51616fcc77cb8846b009531a360b2132c"}
,"C:\\Users\\Toheeb.Ojuolape\\Documents\\Javascript\\JestTest\\js\\subtract.js": {"path":"C:\\Users\\Toheeb.Ojuolape\\Documents\\Javascript\\JestTest\\js\\subtract.js","statementMap":{"0":{"start":{"line":2,"column":4},"end":{"line":2,"column":14}},"1":{"start":{"line":5,"column":0},"end":{"line":5,"column":20}}},"fnMap":{"0":{"name":"sum","decl":{"start":{"line":1,"column":9},"end":{"line":1,"column":12}},"loc":{"start":{"line":1,"column":17},"end":{"line":3,"column":1}},"line":1}},"branchMap":{},"s":{"0":1,"1":1},"f":{"0":1},"b":{},"_coverageSchema":"1a1c01bbd47fc00a2c39e90264f33305004495a9","hash":"0ce1e2cffec72ec5e57578e02c87b1931b574772"}
,"C:\\Users\\Toheeb.Ojuolape\\Documents\\Javascript\\JestTest\\js\\sum.js": {"path":"C:\\Users\\Toheeb.Ojuolape\\Documents\\Javascript\\JestTest\\js\\sum.js","statementMap":{"0":{"start":{"line":2,"column":4},"end":{"line":2,"column":14}},"1":{"start":{"line":5,"column":0},"end":{"line":5,"column":20}}},"fnMap":{"0":{"name":"sum","decl":{"start":{"line":1,"column":9},"end":{"line":1,"column":12}},"loc":{"start":{"line":1,"column":17},"end":{"line":3,"column":1}},"line":1}},"branchMap":{},"s":{"0":1,"1":1},"f":{"0":1},"b":{},"_coverageSchema":"1a1c01bbd47fc00a2c39e90264f33305004495a9","hash":"579c993f5d2f0ffd225d4714c8163e9e6d4edf8b"}
}
